<?xml version="1.0" encoding="UTF-8"?>
<!-- Generated by org.testng.reporters.JUnitXMLReporter -->
<testsuite hostname="Lenovo-PC" ignored="0" name="Default test" tests="3" failures="0" timestamp="2020-09-08T22:41:52 EDT" time="12.076" errors="0">
  <testcase name="verifySignupLinkTest" time="5.135" classname="com.qa.hubspot.tests.LoginPageTest"/>
  <testcase name="verifyLoginPageTitle" time="0.019" classname="com.qa.hubspot.tests.LoginPageTest"/>
  <testcase name="loginTest" time="1.031" classname="com.qa.hubspot.tests.LoginPageTest"/>
</testsuite> <!-- Default test -->
