<?xml version="1.0" encoding="UTF-8"?>
<!-- Generated by org.testng.reporters.JUnitXMLReporter -->
<testsuite hostname="Lenovo-PC" ignored="0" name="Contacts Page Test" tests="2" failures="0" timestamp="2020-09-10T16:47:53 EDT" time="62.653" errors="0">
  <testcase name="verifyContactsPageTitleTest" time="0.514" classname="com.qa.hubspot.tests.ContactsPageTest"/>
  <testcase name="createContactTest" time="23.85" classname="com.qa.hubspot.tests.ContactsPageTest"/>
</testsuite> <!-- Contacts Page Test -->
