<?xml version="1.0" encoding="UTF-8"?>
<!-- Generated by org.testng.reporters.JUnitXMLReporter -->
<testsuite hostname="Lenovo-PC" ignored="0" name="Homepage Test" tests="3" failures="0" timestamp="2020-09-09T10:28:00 EDT" time="30.959" errors="0">
  <testcase name="verifyHomePageHeader" time="17.324" classname="com.qa.hubspot.tests.HomePageTest"/>
  <testcase name="verifyLoggedInUserTest" time="0.263" classname="com.qa.hubspot.tests.HomePageTest"/>
  <testcase name="verifyPageTitle" time="0.007" classname="com.qa.hubspot.tests.HomePageTest"/>
</testsuite> <!-- Homepage Test -->
