<?xml version="1.0" encoding="UTF-8"?>
<!-- Generated by org.testng.reporters.JUnitXMLReporter -->
<testsuite hostname="Lenovo-PC" ignored="0" name="Homepage Test" tests="3" failures="0" timestamp="2020-09-09T13:15:08 EDT" time="56.688" errors="0">
  <testcase name="verifyHomePageHeader" time="16.816" classname="com.qa.hubspot.tests.HomePageTest"/>
  <testcase name="verifyLoggedInUserTest" time="0.238" classname="com.qa.hubspot.tests.HomePageTest"/>
  <testcase name="verifyPageTitle" time="0.019" classname="com.qa.hubspot.tests.HomePageTest"/>
</testsuite> <!-- Homepage Test -->
